<?xml version="1.0" encoding="UTF-8"?>
<!-- Generated by org.testng.reporters.JUnitReportReporter -->
<testsuite hostname="DESKTOP-2UMGN3F" failures="0" tests="1" name="com.freesite.qa.testcases.ContactsPageTestCase" time="18.370" errors="0" timestamp="01 Oct 2019 12:39:29 GMT" skipped="0">
  <testcase classname="com.freesite.qa.testcases.ContactsPageTestCase" name="verifyContactsPageLabel" time="18.370"/>
</testsuite> <!-- com.freesite.qa.testcases.ContactsPageTestCase -->
